Using pre-set license
Built from '2021.1/staging' branch; Version is '2021.1.15f1 (e767a7370072) revision 15165351'; Using compiler version '192528614'; Build Type 'Release'
OS: 'Windows 10 Home; OS build 19043.1237; Version 2009; 64bit' Language: 'ko' Physical Memory: 16281 MB
BatchMode: 1, IsHumanControllingUs: 0, StartBugReporterOnCrash: 0, Is64bit: 1, IsPro: 0

 COMMAND LINE ARGUMENTS:
C:\Program Files\2021.1.15f1\Editor\Unity.exe
-adb2
-batchMode
-noUpm
-name
AssetImportWorker0
-projectPath
C:/Users/Admin/Desktop/UnityProject/New Unity Project
-logFile
Logs/AssetImportWorker0.log
-srvPort
13175
Successfully changed project path to: C:/Users/Admin/Desktop/UnityProject/New Unity Project
C:/Users/Admin/Desktop/UnityProject/New Unity Project
Using Asset Import Pipeline V2.
Refreshing native plugins compatible for Editor in 56.99 ms, found 3 plugins.
Preloading 0 native plugins for Editor in 0.00 ms.
Initialize engine version: 2021.1.15f1 (e767a7370072)
[Subsystems] Discovering subsystems at path C:/Program Files/2021.1.15f1/Editor/Data/Resources/UnitySubsystems
[Subsystems] Discovering subsystems at path C:/Users/Admin/Desktop/UnityProject/New Unity Project/Assets
GfxDevice: creating device client; threaded=0; jobified=0
Direct3D:
    Version:  Direct3D 11.0 [level 11.1]
    Renderer: NVIDIA GeForce GTX 1060 3GB (ID=0x1c02)
    Vendor:   NVIDIA
    VRAM:     2988 MB
    Driver:   27.21.14.5671
Initialize mono
Mono path[0] = 'C:/Program Files/2021.1.15f1/Editor/Data/Managed'
Mono path[1] = 'C:/Program Files/2021.1.15f1/Editor/Data/MonoBleedingEdge/lib/mono/unityjit'
Mono config path = 'C:/Program Files/2021.1.15f1/Editor/Data/MonoBleedingEdge/etc'
Using monoOptions --debugger-agent=transport=dt_socket,embedding=1,server=y,suspend=n,address=127.0.0.1:56500
Begin MonoManager ReloadAssembly
Registering precompiled unity dll's ...
Register platform support module: C:/Program Files/2021.1.15f1/Editor/Data/PlaybackEngines/WindowsStandaloneSupport/UnityEditor.WindowsStandalone.Extensions.dll
Registered in 0.001201 seconds.
Native extension for WindowsStandalone target not found
Refreshing native plugins compatible for Editor in 60.10 ms, found 3 plugins.
Preloading 0 native plugins for Editor in 0.00 ms.
Mono: successfully reloaded assembly
- Completed reload, in  1.131 seconds
Domain Reload Profiling:
	ReloadAssembly (1131ms)
		BeginReloadAssembly (36ms)
			ExecutionOrderSort (0ms)
			DisableScriptedObjects (0ms)
			BackupInstance (0ms)
			ReleaseScriptingObjects (0ms)
			CreateAndSetChildDomain (1ms)
		EndReloadAssembly (323ms)
			LoadAssemblies (34ms)
			RebuildTransferFunctionScriptingTraits (0ms)
			SetupTypeCache (111ms)
			ReleaseScriptCaches (0ms)
			RebuildScriptCaches (20ms)
			SetupLoadedEditorAssemblies (159ms)
				LogAssemblyErrors (0ms)
				InitializePlatformSupportModulesInManaged (4ms)
				SetLoadedEditorAssemblies (0ms)
				RefreshPlugins (60ms)
				BeforeProcessingInitializeOnLoad (1ms)
				ProcessInitializeOnLoadAttributes (71ms)
				ProcessInitializeOnLoadMethodAttributes (23ms)
				AfterProcessingInitializeOnLoad (0ms)
				EditorAssembliesLoaded (0ms)
			ExecutionOrderSort2 (0ms)
			AwakeInstancesAfterBackupRestoration (0ms)
Platform modules already initialized, skipping
Registering precompiled user dll's ...
Registered in 0.004024 seconds.
Begin MonoManager ReloadAssembly
Symbol file LoadedFromMemory doesn't match image C:\Users\Admin\Desktop\UnityProject\New Unity Project\Library\PackageCache\com.unity.visualscripting@1.6.1\Editor\VisualScripting.Core\Dependencies\YamlDotNet\Unity.VisualScripting.YamlDotNet.dll
Symbol file LoadedFromMemory doesn't match image C:\Users\Admin\Desktop\UnityProject\New Unity Project\Library\PackageCache\com.unity.visualscripting@1.6.1\Editor\VisualScripting.Core\Dependencies\DotNetZip\Unity.VisualScripting.IonicZip.dll
Native extension for WindowsStandalone target not found
Refreshing native plugins compatible for Editor in 0.47 ms, found 3 plugins.
Preloading 0 native plugins for Editor in 0.00 ms.
Mono: successfully reloaded assembly
- Completed reload, in  0.742 seconds
Domain Reload Profiling:
	ReloadAssembly (743ms)
		BeginReloadAssembly (98ms)
			ExecutionOrderSort (0ms)
			DisableScriptedObjects (3ms)
			BackupInstance (0ms)
			ReleaseScriptingObjects (0ms)
			CreateAndSetChildDomain (15ms)
		EndReloadAssembly (601ms)
			LoadAssemblies (59ms)
			RebuildTransferFunctionScriptingTraits (0ms)
			SetupTypeCache (220ms)
			ReleaseScriptCaches (0ms)
			RebuildScriptCaches (32ms)
			SetupLoadedEditorAssemblies (221ms)
				LogAssemblyErrors (0ms)
				InitializePlatformSupportModulesInManaged (3ms)
				SetLoadedEditorAssemblies (0ms)
				RefreshPlugins (1ms)
				BeforeProcessingInitializeOnLoad (46ms)
				ProcessInitializeOnLoadAttributes (164ms)
				ProcessInitializeOnLoadMethodAttributes (3ms)
				AfterProcessingInitializeOnLoad (4ms)
				EditorAssembliesLoaded (0ms)
			ExecutionOrderSort2 (0ms)
			AwakeInstancesAfterBackupRestoration (5ms)
Platform modules already initialized, skipping
========================================================================
Worker process is ready to serve import requests
Launched and connected shader compiler UnityShaderCompiler.exe after 0.03 seconds
Refreshing native plugins compatible for Editor in 0.52 ms, found 3 plugins.
Preloading 0 native plugins for Editor in 0.00 ms.
Unloading 2943 Unused Serialized files (Serialized files now loaded: 0)
System memory in use before: 109.1 MB.
System memory in use after: 109.3 MB.

Unloading 23 unused Assets to reduce memory usage. Loaded Objects now: 3390.
Total: 1.761900 ms (FindLiveObjects: 0.164600 ms CreateObjectMapping: 0.079000 ms MarkObjects: 1.455800 ms  DeleteObjects: 0.061700 ms)

AssetImportParameters requested are different than current active one (requested -> active):
  custom:framework-win-MediaFoundation: 216162199b28c13a410421893ffa2e32 -> 
  custom:video-decoder-ogg-theora: a1e56fd34408186e4bbccfd4996cb3dc -> 
  custom:container-muxer-webm: aa71ff27fc2769a1b78a27578f13a17b -> 
  custom:container-demuxer-webm: 4f35f7cbe854078d1ac9338744f61a02 -> 
  custom:container-demuxer-ogg: 62fdf1f143b41e24485cea50d1cbac27 -> 
  custom:video-encoder-webm-vp8: eb34c28f22e8b96e1ab97ce403110664 -> 
  custom:video-decoder-webm-vp8: 9c59270c3fd7afecdb556c50c9e8de78 -> 
  custom:audio-decoder-ogg-vorbis: bf7c407c2cedff20999df2af8eb42d56 -> 
  custom:audio-encoder-webm-vorbis: bf7c407c2cedff20999df2af8eb42d56 -> 
========================================================================
Received Import Request.
  path: Assets/BattleRoyaleHeroesPBR/Animation/HandGunStance/KnockDown_HG01_Anim.fbx
  artifactKey: Guid(0170a294f0c0f004299d5a89f7169fa6) Importer(815301076,1909f56bfc062723c751e8b465ee728b)
Start importing Assets/BattleRoyaleHeroesPBR/Animation/HandGunStance/KnockDown_HG01_Anim.fbx using Guid(0170a294f0c0f004299d5a89f7169fa6) Importer(815301076,1909f56bfc062723c751e8b465ee728b)  -> (artifact id: '6eb46d97a890d9c8d6435401c7d4be7d') in 0.143286 seconds 
========================================================================
Received Import Request.
  Time since last request: 0.000189 seconds.
  path: Assets/BattleRoyaleHeroesPBR/Animation/HandGunStance/RunFWD_RM_HG01_Anim.fbx
  artifactKey: Guid(0e737d2cff1db64409fb688cbd27507f) Importer(815301076,1909f56bfc062723c751e8b465ee728b)
Start importing Assets/BattleRoyaleHeroesPBR/Animation/HandGunStance/RunFWD_RM_HG01_Anim.fbx using Guid(0e737d2cff1db64409fb688cbd27507f) Importer(815301076,1909f56bfc062723c751e8b465ee728b)  -> (artifact id: '2360f792f05bf4bb637291dc3b51901a') in 0.031511 seconds 
========================================================================
Received Import Request.
  Time since last request: 0.000193 seconds.
  path: Assets/BattleRoyaleHeroesPBR/Animation/HandGunStance/DashFWD_RM_HG01_Anim.fbx
  artifactKey: Guid(93b6b8781e001ce498c99e84d7de2f23) Importer(815301076,1909f56bfc062723c751e8b465ee728b)
Start importing Assets/BattleRoyaleHeroesPBR/Animation/HandGunStance/DashFWD_RM_HG01_Anim.fbx using Guid(93b6b8781e001ce498c99e84d7de2f23) Importer(815301076,1909f56bfc062723c751e8b465ee728b)  -> (artifact id: '4f151ae9a3ba6f52bebac163765ceac5') in 0.027105 seconds 
========================================================================
Received Import Request.
  Time since last request: 0.000166 seconds.
  path: Assets/BattleRoyaleHeroesPBR/Animation/HandGunStance/RollFWD_HG01_Anim.fbx
  artifactKey: Guid(9569e4963672f7b45a815f9c3a4e7a2c) Importer(815301076,1909f56bfc062723c751e8b465ee728b)
Start importing Assets/BattleRoyaleHeroesPBR/Animation/HandGunStance/RollFWD_HG01_Anim.fbx using Guid(9569e4963672f7b45a815f9c3a4e7a2c) Importer(815301076,1909f56bfc062723c751e8b465ee728b)  -> (artifact id: 'a551dc6c94cb5c1e11f88ee56680f388') in 0.027119 seconds 
========================================================================
Received Import Request.
  Time since last request: 0.000185 seconds.
  path: Assets/BattleRoyaleHeroesPBR/Animation/HandGunStance/VictoryRepeat_HG01_Anim.fbx
  artifactKey: Guid(4dbd7f77d363b094299e1aa201f6f39b) Importer(815301076,1909f56bfc062723c751e8b465ee728b)
Start importing Assets/BattleRoyaleHeroesPBR/Animation/HandGunStance/VictoryRepeat_HG01_Anim.fbx using Guid(4dbd7f77d363b094299e1aa201f6f39b) Importer(815301076,1909f56bfc062723c751e8b465ee728b)  -> (artifact id: 'a45702f24c0b11ef683d3af50b034908') in 0.026744 seconds 
========================================================================
Received Import Request.
  Time since last request: 0.000238 seconds.
  path: Assets/BattleRoyaleHeroesPBR/Animation/HandGunStance/GetHit01_HG01_Anim.fbx
  artifactKey: Guid(0683e0487f6b1534b974828212719c55) Importer(815301076,1909f56bfc062723c751e8b465ee728b)
Start importing Assets/BattleRoyaleHeroesPBR/Animation/HandGunStance/GetHit01_HG01_Anim.fbx using Guid(0683e0487f6b1534b974828212719c55) Importer(815301076,1909f56bfc062723c751e8b465ee728b)  -> (artifact id: '8cd0a8852f0cbab95cdfb0944d722b58') in 0.028902 seconds 
========================================================================
Received Import Request.
  Time since last request: 0.000167 seconds.
  path: Assets/BattleRoyaleHeroesPBR/Animation/HandGunStance/AimOffsetUp_HG01_Anim.fbx
  artifactKey: Guid(7349f242758a4754dba5b3751f110675) Importer(815301076,1909f56bfc062723c751e8b465ee728b)
Start importing Assets/BattleRoyaleHeroesPBR/Animation/HandGunStance/AimOffsetUp_HG01_Anim.fbx using Guid(7349f242758a4754dba5b3751f110675) Importer(815301076,1909f56bfc062723c751e8b465ee728b)  -> (artifact id: 'f1118fa65bf14dcbfa4bb721b41e7d37') in 0.026710 seconds 
========================================================================
Received Import Request.
  Time since last request: 0.000177 seconds.
  path: Assets/BattleRoyaleHeroesPBR/Animation/HandGunStance/JumpAir_HG01_Anim.fbx
  artifactKey: Guid(c287fc7bb14084d459a32dc09db4b632) Importer(815301076,1909f56bfc062723c751e8b465ee728b)
Start importing Assets/BattleRoyaleHeroesPBR/Animation/HandGunStance/JumpAir_HG01_Anim.fbx using Guid(c287fc7bb14084d459a32dc09db4b632) Importer(815301076,1909f56bfc062723c751e8b465ee728b)  -> (artifact id: '0f60a51f613d53ae12f139a0cb10a3c4') in 0.026966 seconds 
========================================================================
Received Import Request.
  Time since last request: 0.000140 seconds.
  path: Assets/BattleRoyaleHeroesPBR/Animation/HandGunStance/RunFWD_HG01_Anim.fbx
  artifactKey: Guid(aa181fef52e0dd942bf29061ae283ba7) Importer(815301076,1909f56bfc062723c751e8b465ee728b)
Start importing Assets/BattleRoyaleHeroesPBR/Animation/HandGunStance/RunFWD_HG01_Anim.fbx using Guid(aa181fef52e0dd942bf29061ae283ba7) Importer(815301076,1909f56bfc062723c751e8b465ee728b)  -> (artifact id: 'a11364727901a3a1f5f66fcaf4ab106a') in 0.025676 seconds 
========================================================================
Received Import Request.
  Time since last request: 0.000185 seconds.
  path: Assets/BattleRoyaleHeroesPBR/Animation/HandGunStance/GetHit02_HG01_Anim.fbx
  artifactKey: Guid(31f4b88c677bdb94fa8774d6c0e6c914) Importer(815301076,1909f56bfc062723c751e8b465ee728b)
Start importing Assets/BattleRoyaleHeroesPBR/Animation/HandGunStance/GetHit02_HG01_Anim.fbx using Guid(31f4b88c677bdb94fa8774d6c0e6c914) Importer(815301076,1909f56bfc062723c751e8b465ee728b)  -> (artifact id: '8e9cf86e972e8b3a6233fb267789a926') in 0.026212 seconds 
========================================================================
Received Import Request.
  Time since last request: 0.000191 seconds.
  path: Assets/BattleRoyaleHeroesPBR/Animation/HandGunStance/DashLeft_RM_HG01_Anim.fbx
  artifactKey: Guid(60e065b9aa778e04c8a4d14f02cca025) Importer(815301076,1909f56bfc062723c751e8b465ee728b)
Start importing Assets/BattleRoyaleHeroesPBR/Animation/HandGunStance/DashLeft_RM_HG01_Anim.fbx using Guid(60e065b9aa778e04c8a4d14f02cca025) Importer(815301076,1909f56bfc062723c751e8b465ee728b)  -> (artifact id: '77ed1ed723890e764ef8f8ca6f73eca3') in 0.025593 seconds 
========================================================================
Received Import Request.
  Time since last request: 0.000193 seconds.
  path: Assets/BattleRoyaleHeroesPBR/Animation/HandGunStance/GetUp_HG01_Anim.fbx
  artifactKey: Guid(68df3c55c586a1647bfce7e97bd55d45) Importer(815301076,1909f56bfc062723c751e8b465ee728b)
Start importing Assets/BattleRoyaleHeroesPBR/Animation/HandGunStance/GetUp_HG01_Anim.fbx using Guid(68df3c55c586a1647bfce7e97bd55d45) Importer(815301076,1909f56bfc062723c751e8b465ee728b)  -> (artifact id: '04f8df9ee92ea7e309ba9414878c33de') in 0.026925 seconds 
========================================================================
Received Import Request.
  Time since last request: 0.000165 seconds.
  path: Assets/BattleRoyaleHeroesPBR/Animation/HandGunStance/RunBWD_HG01_Anim.fbx
  artifactKey: Guid(40159b7d7752c06478a3773e4e8bf3ec) Importer(815301076,1909f56bfc062723c751e8b465ee728b)
Start importing Assets/BattleRoyaleHeroesPBR/Animation/HandGunStance/RunBWD_HG01_Anim.fbx using Guid(40159b7d7752c06478a3773e4e8bf3ec) Importer(815301076,1909f56bfc062723c751e8b465ee728b)  -> (artifact id: '524e4f1b8de4cd7bb4f46f2a5ff468fc') in 0.025772 seconds 
========================================================================
Received Import Request.
  Time since last request: 0.000173 seconds.
  path: Assets/BattleRoyaleHeroesPBR/Animation/HandGunStance/PowerUp_HG01_Anim.fbx
  artifactKey: Guid(d1fc6145f530d684cac3cf0f1b6d59ef) Importer(815301076,1909f56bfc062723c751e8b465ee728b)
Start importing Assets/BattleRoyaleHeroesPBR/Animation/HandGunStance/PowerUp_HG01_Anim.fbx using Guid(d1fc6145f530d684cac3cf0f1b6d59ef) Importer(815301076,1909f56bfc062723c751e8b465ee728b)  -> (artifact id: 'bd25bc98de8c1db90c1dca6c11e64f40') in 0.025684 seconds 
========================================================================
Received Import Request.
  Time since last request: 0.000145 seconds.
  path: Assets/BattleRoyaleHeroesPBR/Animation/HandGunStance/DashBWD_HG01_Anim.fbx
  artifactKey: Guid(6baa01c247e107b478493ab35e864311) Importer(815301076,1909f56bfc062723c751e8b465ee728b)
Start importing Assets/BattleRoyaleHeroesPBR/Animation/HandGunStance/DashBWD_HG01_Anim.fbx using Guid(6baa01c247e107b478493ab35e864311) Importer(815301076,1909f56bfc062723c751e8b465ee728b)  -> (artifact id: '163270c6225136ce1e157383eaa0015d') in 0.026112 seconds 
========================================================================
Received Import Request.
  Time since last request: 0.000161 seconds.
  path: Assets/BattleRoyaleHeroesPBR/Animation/HandGunStance/IdleNormal01_HG01_Anim.fbx
  artifactKey: Guid(dfb427a9c42017e4eb302ada604bce43) Importer(815301076,1909f56bfc062723c751e8b465ee728b)
Start importing Assets/BattleRoyaleHeroesPBR/Animation/HandGunStance/IdleNormal01_HG01_Anim.fbx using Guid(dfb427a9c42017e4eb302ada604bce43) Importer(815301076,1909f56bfc062723c751e8b465ee728b)  -> (artifact id: '1c651f2715e3d60ac369d2c3af3ac6c4') in 0.026912 seconds 
========================================================================
Received Import Request.
  Time since last request: 0.000181 seconds.
  path: Assets/BattleRoyaleHeroesPBR/Animation/HandGunStance/AimOffsetDown_HG01_Anim.fbx
  artifactKey: Guid(0a8a7cfed4eaf1341b287df286fa40cf) Importer(815301076,1909f56bfc062723c751e8b465ee728b)
Start importing Assets/BattleRoyaleHeroesPBR/Animation/HandGunStance/AimOffsetDown_HG01_Anim.fbx using Guid(0a8a7cfed4eaf1341b287df286fa40cf) Importer(815301076,1909f56bfc062723c751e8b465ee728b)  -> (artifact id: '9e6246de5a955aa0a9a2979590ba7ca0') in 0.026990 seconds 
========================================================================
Received Import Request.
  Time since last request: 0.000189 seconds.
  path: Assets/BattleRoyaleHeroesPBR/Animation/HandGunStance/RollBWD_RM_HG01_Anim.fbx
  artifactKey: Guid(702a0517314c7f845b970e21d9ee142a) Importer(815301076,1909f56bfc062723c751e8b465ee728b)
Start importing Assets/BattleRoyaleHeroesPBR/Animation/HandGunStance/RollBWD_RM_HG01_Anim.fbx using Guid(702a0517314c7f845b970e21d9ee142a) Importer(815301076,1909f56bfc062723c751e8b465ee728b)  -> (artifact id: '46cb333e6c72d4ade8528b26a69c9848') in 0.025518 seconds 
========================================================================
Received Import Request.
  Time since last request: 0.000162 seconds.
  path: Assets/BattleRoyaleHeroesPBR/Animation/HandGunStance/RunLeft_HG01_Anim.fbx
  artifactKey: Guid(be933d1d84c4e154f9f05525fbc98e28) Importer(815301076,1909f56bfc062723c751e8b465ee728b)
Start importing Assets/BattleRoyaleHeroesPBR/Animation/HandGunStance/RunLeft_HG01_Anim.fbx using Guid(be933d1d84c4e154f9f05525fbc98e28) Importer(815301076,1909f56bfc062723c751e8b465ee728b)  -> (artifact id: '5ff7c3638a37c0223e735a337e9c910e') in 0.027320 seconds 
========================================================================
Received Import Request.
  Time since last request: 0.000171 seconds.
  path: Assets/BattleRoyaleHeroesPBR/Animation/HandGunStance/Dizzy_HG01_Anim.fbx
  artifactKey: Guid(2c994f2ecce1c1e48b902a7f75cb3b14) Importer(815301076,1909f56bfc062723c751e8b465ee728b)
Start importing Assets/BattleRoyaleHeroesPBR/Animation/HandGunStance/Dizzy_HG01_Anim.fbx using Guid(2c994f2ecce1c1e48b902a7f75cb3b14) Importer(815301076,1909f56bfc062723c751e8b465ee728b)  -> (artifact id: 'e3185e88665f91ea570908e09db2977c') in 0.027804 seconds 
========================================================================
Received Import Request.
  Time since last request: 0.000185 seconds.
  path: Assets/BattleRoyaleHeroesPBR/Animation/HandGunStance/Reloading_HG01_Anim.fbx
  artifactKey: Guid(8a300903bcb01d7459a58c982f3035e0) Importer(815301076,1909f56bfc062723c751e8b465ee728b)
Start importing Assets/BattleRoyaleHeroesPBR/Animation/HandGunStance/Reloading_HG01_Anim.fbx using Guid(8a300903bcb01d7459a58c982f3035e0) Importer(815301076,1909f56bfc062723c751e8b465ee728b)  -> (artifact id: 'f9266e9b712fe7473a6fa852ea066c39') in 0.025871 seconds 
========================================================================
Received Import Request.
  Time since last request: 0.000155 seconds.
  path: Assets/BattleRoyaleHeroesPBR/Animation/HandGunStance/DashBWD_RM_HG01_Anim.fbx
  artifactKey: Guid(09e6530a32cc7d343b241ff4ebfe7f85) Importer(815301076,1909f56bfc062723c751e8b465ee728b)
Start importing Assets/BattleRoyaleHeroesPBR/Animation/HandGunStance/DashBWD_RM_HG01_Anim.fbx using Guid(09e6530a32cc7d343b241ff4ebfe7f85) Importer(815301076,1909f56bfc062723c751e8b465ee728b)  -> (artifact id: '80e82b538be7afaee251acae8c006dca') in 0.028427 seconds 
========================================================================
Received Import Request.
  Time since last request: 0.000201 seconds.
  path: Assets/BattleRoyaleHeroesPBR/Animation/HandGunStance/JumpStart_HG01_Anim.fbx
  artifactKey: Guid(81223f0b942256c4dae7b1897686f1e6) Importer(815301076,1909f56bfc062723c751e8b465ee728b)
Start importing Assets/BattleRoyaleHeroesPBR/Animation/HandGunStance/JumpStart_HG01_Anim.fbx using Guid(81223f0b942256c4dae7b1897686f1e6) Importer(815301076,1909f56bfc062723c751e8b465ee728b)  -> (artifact id: 'a769e44ffb129af0fc52b2b6889222d3') in 0.026165 seconds 
========================================================================
Received Import Request.
  Time since last request: 0.000166 seconds.
  path: Assets/BattleRoyaleHeroesPBR/Animation/HandGunStance/DashRight_RM_HG01_Anim.fbx
  artifactKey: Guid(720046cad239dac4eb13c131d9ca2f11) Importer(815301076,1909f56bfc062723c751e8b465ee728b)
Start importing Assets/BattleRoyaleHeroesPBR/Animation/HandGunStance/DashRight_RM_HG01_Anim.fbx using Guid(720046cad239dac4eb13c131d9ca2f11) Importer(815301076,1909f56bfc062723c751e8b465ee728b)  -> (artifact id: '7344d66cfa44d6e7a06dfc5514dbccda') in 0.025542 seconds 
========================================================================
Received Import Request.
  Time since last request: 0.000175 seconds.
  path: Assets/BattleRoyaleHeroesPBR/Animation/HandGunStance/Die_HG01_Anim.fbx
  artifactKey: Guid(15b77154d4077a844bdaacdf501521c6) Importer(815301076,1909f56bfc062723c751e8b465ee728b)
Start importing Assets/BattleRoyaleHeroesPBR/Animation/HandGunStance/Die_HG01_Anim.fbx using Guid(15b77154d4077a844bdaacdf501521c6) Importer(815301076,1909f56bfc062723c751e8b465ee728b)  -> (artifact id: 'fdbfdc45739bb4620426946ea9dadeba') in 0.024317 seconds 
========================================================================
Received Import Request.
  Time since last request: 0.000199 seconds.
  path: Assets/BattleRoyaleHeroesPBR/Animation/HandGunStance/ShootAutoshot_HG01_Anim.fbx
  artifactKey: Guid(f2c7f080a5fcce042ba7695fa9f6fee3) Importer(815301076,1909f56bfc062723c751e8b465ee728b)
Start importing Assets/BattleRoyaleHeroesPBR/Animation/HandGunStance/ShootAutoshot_HG01_Anim.fbx using Guid(f2c7f080a5fcce042ba7695fa9f6fee3) Importer(815301076,1909f56bfc062723c751e8b465ee728b)  -> (artifact id: '733263308dac4926ddf212b7e0bf8a86') in 0.025739 seconds 
========================================================================
Received Import Request.
  Time since last request: 0.000174 seconds.
  path: Assets/BattleRoyaleHeroesPBR/Animation/HandGunStance/RollLeft_RM_HG01_Anim.fbx
  artifactKey: Guid(57c2a424cc641cf46966add98d192038) Importer(815301076,1909f56bfc062723c751e8b465ee728b)
Start importing Assets/BattleRoyaleHeroesPBR/Animation/HandGunStance/RollLeft_RM_HG01_Anim.fbx using Guid(57c2a424cc641cf46966add98d192038) Importer(815301076,1909f56bfc062723c751e8b465ee728b)  -> (artifact id: 'a6c01caf443124a6915cb207b8dff6d2') in 0.026376 seconds 
========================================================================
Received Import Request.
  Time since last request: 0.000175 seconds.
  path: Assets/BattleRoyaleHeroesPBR/Animation/HandGunStance/ShootSingleshot_HG01_Anim.fbx
  artifactKey: Guid(b68774d9a30f17540a4184e48c76a210) Importer(815301076,1909f56bfc062723c751e8b465ee728b)
Start importing Assets/BattleRoyaleHeroesPBR/Animation/HandGunStance/ShootSingleshot_HG01_Anim.fbx using Guid(b68774d9a30f17540a4184e48c76a210) Importer(815301076,1909f56bfc062723c751e8b465ee728b)  -> (artifact id: '879e1d1ed66e2d884d21d38c30e2229b') in 0.027530 seconds 
========================================================================
Received Import Request.
  Time since last request: 0.000192 seconds.
  path: Assets/BattleRoyaleHeroesPBR/Animation/HandGunStance/RollRight_HG01_Anim.fbx
  artifactKey: Guid(06a4119a319bafd4c9a9a426a9d4df82) Importer(815301076,1909f56bfc062723c751e8b465ee728b)
Start importing Assets/BattleRoyaleHeroesPBR/Animation/HandGunStance/RollRight_HG01_Anim.fbx using Guid(06a4119a319bafd4c9a9a426a9d4df82) Importer(815301076,1909f56bfc062723c751e8b465ee728b)  -> (artifact id: '6dbc218ec3a393ce147d88f63615be56') in 0.031168 seconds 
========================================================================
Received Import Request.
  Time since last request: 0.000241 seconds.
  path: Assets/BattleRoyaleHeroesPBR/Animation/HandGunStance/IdleBattle01_HG01_Anim.fbx
  artifactKey: Guid(759705d39b0a9ef47ac4853cfd5cd744) Importer(815301076,1909f56bfc062723c751e8b465ee728b)
Start importing Assets/BattleRoyaleHeroesPBR/Animation/HandGunStance/IdleBattle01_HG01_Anim.fbx using Guid(759705d39b0a9ef47ac4853cfd5cd744) Importer(815301076,1909f56bfc062723c751e8b465ee728b)  -> (artifact id: '66f1114906291235d7e9dd09aaa79ef5') in 0.034430 seconds 
========================================================================
Received Import Request.
  Time since last request: 0.000201 seconds.
  path: Assets/BattleRoyaleHeroesPBR/Animation/HandGunStance/RunBWD_RM_HG01_Anim.fbx
  artifactKey: Guid(e999f962a3356a641ba6fa87d3b0df06) Importer(815301076,1909f56bfc062723c751e8b465ee728b)
Start importing Assets/BattleRoyaleHeroesPBR/Animation/HandGunStance/RunBWD_RM_HG01_Anim.fbx using Guid(e999f962a3356a641ba6fa87d3b0df06) Importer(815301076,1909f56bfc062723c751e8b465ee728b)  -> (artifact id: 'a15e3836dc9cc971dc7665d4555c5ed7') in 0.025668 seconds 
========================================================================
Received Import Request.
  Time since last request: 0.000176 seconds.
  path: Assets/BattleRoyaleHeroesPBR/Animation/HandGunStance/RunRight_HG01_Anim.fbx
  artifactKey: Guid(f30d37e9efba9414c9aef6b35b52d48f) Importer(815301076,1909f56bfc062723c751e8b465ee728b)
Start importing Assets/BattleRoyaleHeroesPBR/Animation/HandGunStance/RunRight_HG01_Anim.fbx using Guid(f30d37e9efba9414c9aef6b35b52d48f) Importer(815301076,1909f56bfc062723c751e8b465ee728b)  -> (artifact id: 'bd4ce138f81bbcf525481804396912f4') in 0.029298 seconds 
========================================================================
Received Import Request.
  Time since last request: 0.000220 seconds.
  path: Assets/BattleRoyaleHeroesPBR/Animation/HandGunStance/DashLeft_HG01_Anim.fbx
  artifactKey: Guid(76d063ca0d57e7d48be74dc4976cef38) Importer(815301076,1909f56bfc062723c751e8b465ee728b)
Start importing Assets/BattleRoyaleHeroesPBR/Animation/HandGunStance/DashLeft_HG01_Anim.fbx using Guid(76d063ca0d57e7d48be74dc4976cef38) Importer(815301076,1909f56bfc062723c751e8b465ee728b)  -> (artifact id: '9c1cc585aa84d75a9f3bf99812da9981') in 0.028272 seconds 
========================================================================
Received Import Request.
  Time since last request: 0.000178 seconds.
  path: Assets/BattleRoyaleHeroesPBR/Animation/HandGunStance/DashRight_HG01_Anim.fbx
  artifactKey: Guid(3d1c7430c98a4404e89ce8d08ad5e1fb) Importer(815301076,1909f56bfc062723c751e8b465ee728b)
Start importing Assets/BattleRoyaleHeroesPBR/Animation/HandGunStance/DashRight_HG01_Anim.fbx using Guid(3d1c7430c98a4404e89ce8d08ad5e1fb) Importer(815301076,1909f56bfc062723c751e8b465ee728b)  -> (artifact id: '1340ea804bd0c9b4430d056ccf1dbeef') in 0.028435 seconds 
========================================================================
Received Import Request.
  Time since last request: 0.000220 seconds.
  path: Assets/BattleRoyaleHeroesPBR/Animation/HandGunStance/JumpEnd_HG01_Anim.fbx
  artifactKey: Guid(f66ada5b4ed6b3c45a2d337e981c74be) Importer(815301076,1909f56bfc062723c751e8b465ee728b)
Start importing Assets/BattleRoyaleHeroesPBR/Animation/HandGunStance/JumpEnd_HG01_Anim.fbx using Guid(f66ada5b4ed6b3c45a2d337e981c74be) Importer(815301076,1909f56bfc062723c751e8b465ee728b)  -> (artifact id: 'bcde5dfa23282a72099e647daa05ec29') in 0.026885 seconds 
========================================================================
Received Import Request.
  Time since last request: 0.000182 seconds.
  path: Assets/BattleRoyaleHeroesPBR/Animation/HandGunStance/DashFWD_HG01_Anim.fbx
  artifactKey: Guid(817f49f94672ead439456e97ab96f37f) Importer(815301076,1909f56bfc062723c751e8b465ee728b)
Start importing Assets/BattleRoyaleHeroesPBR/Animation/HandGunStance/DashFWD_HG01_Anim.fbx using Guid(817f49f94672ead439456e97ab96f37f) Importer(815301076,1909f56bfc062723c751e8b465ee728b)  -> (artifact id: '55a5239988cf517a50721b76604ac6d8') in 0.028793 seconds 
========================================================================
Received Import Request.
  Time since last request: 0.000185 seconds.
  path: Assets/BattleRoyaleHeroesPBR/Animation/HandGunStance/RollBWD_HG01_Anim.fbx
  artifactKey: Guid(eae725f3edcb65d4fa5603f9e9e66d38) Importer(815301076,1909f56bfc062723c751e8b465ee728b)
Start importing Assets/BattleRoyaleHeroesPBR/Animation/HandGunStance/RollBWD_HG01_Anim.fbx using Guid(eae725f3edcb65d4fa5603f9e9e66d38) Importer(815301076,1909f56bfc062723c751e8b465ee728b)  -> (artifact id: 'c34570eaec3de5b648eb7d0000654c7e') in 0.027207 seconds 
========================================================================
Received Import Request.
  Time since last request: 0.000245 seconds.
  path: Assets/BattleRoyaleHeroesPBR/Animation/HandGunStance/RollRight_RM_HG01_Anim.fbx
  artifactKey: Guid(fcab98dccfa411d44a0b7163111a86db) Importer(815301076,1909f56bfc062723c751e8b465ee728b)
Start importing Assets/BattleRoyaleHeroesPBR/Animation/HandGunStance/RollRight_RM_HG01_Anim.fbx using Guid(fcab98dccfa411d44a0b7163111a86db) Importer(815301076,1909f56bfc062723c751e8b465ee728b)  -> (artifact id: 'ddc47514652fc9ac1cde4f2746c62a22') in 0.025356 seconds 
========================================================================
Received Import Request.
  Time since last request: 0.000164 seconds.
  path: Assets/BattleRoyaleHeroesPBR/Animation/HandGunStance/RollLeft_HG01_Anim.fbx
  artifactKey: Guid(c35435be975f92a418552c9417c2c654) Importer(815301076,1909f56bfc062723c751e8b465ee728b)
Start importing Assets/BattleRoyaleHeroesPBR/Animation/HandGunStance/RollLeft_HG01_Anim.fbx using Guid(c35435be975f92a418552c9417c2c654) Importer(815301076,1909f56bfc062723c751e8b465ee728b)  -> (artifact id: '9a512c353d019c78f7fe16ffeeda05de') in 0.027566 seconds 
========================================================================
Received Import Request.
  Time since last request: 0.000261 seconds.
  path: Assets/BattleRoyaleHeroesPBR/Animation/HandGunStance/Victory_HG01_Anim.fbx
  artifactKey: Guid(7252aa9acc9309041b661f71c7e296e1) Importer(815301076,1909f56bfc062723c751e8b465ee728b)
Start importing Assets/BattleRoyaleHeroesPBR/Animation/HandGunStance/Victory_HG01_Anim.fbx using Guid(7252aa9acc9309041b661f71c7e296e1) Importer(815301076,1909f56bfc062723c751e8b465ee728b)  -> (artifact id: 'f27fb3fd1822501b8b4609677179c149') in 0.027505 seconds 
========================================================================
Received Import Request.
  Time since last request: 0.000196 seconds.
  path: Assets/BattleRoyaleHeroesPBR/Animation/HandGunStance/IdleNormal02_HG01_Anim.fbx
  artifactKey: Guid(cd5a998d1046164429242988c2eb821e) Importer(815301076,1909f56bfc062723c751e8b465ee728b)
Start importing Assets/BattleRoyaleHeroesPBR/Animation/HandGunStance/IdleNormal02_HG01_Anim.fbx using Guid(cd5a998d1046164429242988c2eb821e) Importer(815301076,1909f56bfc062723c751e8b465ee728b)  -> (artifact id: '3606f338d7c95ba6158468fc7d239b9d') in 0.028424 seconds 
========================================================================
Received Import Request.
  Time since last request: 0.000242 seconds.
  path: Assets/BattleRoyaleHeroesPBR/Animation/HandGunStance/Jump_HG01_Anim.fbx
  artifactKey: Guid(fe9d65e856782ad469952e978e85a902) Importer(815301076,1909f56bfc062723c751e8b465ee728b)
Start importing Assets/BattleRoyaleHeroesPBR/Animation/HandGunStance/Jump_HG01_Anim.fbx using Guid(fe9d65e856782ad469952e978e85a902) Importer(815301076,1909f56bfc062723c751e8b465ee728b)  -> (artifact id: 'f57f26cea89af13e2a49317a1ede3518') in 0.025279 seconds 
========================================================================
Received Import Request.
  Time since last request: 0.000184 seconds.
  path: Assets/BattleRoyaleHeroesPBR/Animation/HandGunStance/RunLeft_RM_HG01_Anim.fbx
  artifactKey: Guid(b88402a29b6e7864282a9e4704c8aa1f) Importer(815301076,1909f56bfc062723c751e8b465ee728b)
Start importing Assets/BattleRoyaleHeroesPBR/Animation/HandGunStance/RunLeft_RM_HG01_Anim.fbx using Guid(b88402a29b6e7864282a9e4704c8aa1f) Importer(815301076,1909f56bfc062723c751e8b465ee728b)  -> (artifact id: 'f4751180c3f69458a37440a8d5c14096') in 0.030798 seconds 
========================================================================
Received Import Request.
  Time since last request: 0.000145 seconds.
  path: Assets/BattleRoyaleHeroesPBR/Animation/HandGunStance/RunRight_RM_HG01_Anim.fbx
  artifactKey: Guid(e2789fe93e79adb4abcf9055663344f5) Importer(815301076,1909f56bfc062723c751e8b465ee728b)
Start importing Assets/BattleRoyaleHeroesPBR/Animation/HandGunStance/RunRight_RM_HG01_Anim.fbx using Guid(e2789fe93e79adb4abcf9055663344f5) Importer(815301076,1909f56bfc062723c751e8b465ee728b)  -> (artifact id: '82b67b55c95e5a445f1b918dc93a7245') in 0.027598 seconds 
========================================================================
Received Import Request.
  Time since last request: 0.000202 seconds.
  path: Assets/BattleRoyaleHeroesPBR/Animation/HandGunStance/RollFWD_RM_HG01_Anim.fbx
  artifactKey: Guid(b062c55c8f4a6c046871cb8f3782c99b) Importer(815301076,1909f56bfc062723c751e8b465ee728b)
Start importing Assets/BattleRoyaleHeroesPBR/Animation/HandGunStance/RollFWD_RM_HG01_Anim.fbx using Guid(b062c55c8f4a6c046871cb8f3782c99b) Importer(815301076,1909f56bfc062723c751e8b465ee728b)  -> (artifact id: '481c457535d898437555d5ea6e45d9f0') in 0.027501 seconds 
========================================================================
Received Prepare
Registering precompiled user dll's ...
Registered in 0.003955 seconds.
Begin MonoManager ReloadAssembly
Symbol file LoadedFromMemory doesn't match image C:\Users\Admin\Desktop\UnityProject\New Unity Project\Library\PackageCache\com.unity.visualscripting@1.6.1\Editor\VisualScripting.Core\Dependencies\YamlDotNet\Unity.VisualScripting.YamlDotNet.dll
Symbol file LoadedFromMemory doesn't match image C:\Users\Admin\Desktop\UnityProject\New Unity Project\Library\PackageCache\com.unity.visualscripting@1.6.1\Editor\VisualScripting.Core\Dependencies\DotNetZip\Unity.VisualScripting.IonicZip.dll
Native extension for WindowsStandalone target not found
Refreshing native plugins compatible for Editor in 0.75 ms, found 3 plugins.
Preloading 0 native plugins for Editor in 0.00 ms.
Mono: successfully reloaded assembly
- Completed reload, in  0.840 seconds
Domain Reload Profiling:
	ReloadAssembly (840ms)
		BeginReloadAssembly (97ms)
			ExecutionOrderSort (0ms)
			DisableScriptedObjects (3ms)
			BackupInstance (0ms)
			ReleaseScriptingObjects (0ms)
			CreateAndSetChildDomain (29ms)
		EndReloadAssembly (695ms)
			LoadAssemblies (67ms)
			RebuildTransferFunctionScriptingTraits (0ms)
			SetupTypeCache (260ms)
			ReleaseScriptCaches (1ms)
			RebuildScriptCaches (30ms)
			SetupLoadedEditorAssemblies (248ms)
				LogAssemblyErrors (0ms)
				InitializePlatformSupportModulesInManaged (6ms)
				SetLoadedEditorAssemblies (1ms)
				RefreshPlugins (1ms)
				BeforeProcessingInitializeOnLoad (48ms)
				ProcessInitializeOnLoadAttributes (184ms)
				ProcessInitializeOnLoadMethodAttributes (4ms)
				AfterProcessingInitializeOnLoad (5ms)
				EditorAssembliesLoaded (0ms)
			ExecutionOrderSort2 (0ms)
			AwakeInstancesAfterBackupRestoration (6ms)
Platform modules already initialized, skipping
Refreshing native plugins compatible for Editor in 0.53 ms, found 3 plugins.
Preloading 0 native plugins for Editor in 0.00 ms.
Unloading 2937 Unused Serialized files (Serialized files now loaded: 0)
System memory in use before: 127.6 MB.
System memory in use after: 127.8 MB.

Unloading 19 unused Assets to reduce memory usage. Loaded Objects now: 3404.
Total: 2.024100 ms (FindLiveObjects: 0.173300 ms CreateObjectMapping: 0.071500 ms MarkObjects: 1.728900 ms  DeleteObjects: 0.049000 ms)

AssetImportParameters requested are different than current active one (requested -> active):
  custom:framework-win-MediaFoundation: 216162199b28c13a410421893ffa2e32 -> 
  custom:video-decoder-ogg-theora: a1e56fd34408186e4bbccfd4996cb3dc -> 
  custom:container-muxer-webm: aa71ff27fc2769a1b78a27578f13a17b -> 
  custom:container-demuxer-webm: 4f35f7cbe854078d1ac9338744f61a02 -> 
  custom:container-demuxer-ogg: 62fdf1f143b41e24485cea50d1cbac27 -> 
  custom:video-encoder-webm-vp8: eb34c28f22e8b96e1ab97ce403110664 -> 
  custom:video-decoder-webm-vp8: 9c59270c3fd7afecdb556c50c9e8de78 -> 
  custom:audio-decoder-ogg-vorbis: bf7c407c2cedff20999df2af8eb42d56 -> 
  custom:audio-encoder-webm-vorbis: bf7c407c2cedff20999df2af8eb42d56 -> 
========================================================================
Received Prepare
Registering precompiled user dll's ...
Registered in 0.004236 seconds.
Begin MonoManager ReloadAssembly
Symbol file LoadedFromMemory doesn't match image C:\Users\Admin\Desktop\UnityProject\New Unity Project\Library\PackageCache\com.unity.visualscripting@1.6.1\Editor\VisualScripting.Core\Dependencies\YamlDotNet\Unity.VisualScripting.YamlDotNet.dll
Symbol file LoadedFromMemory doesn't match image C:\Users\Admin\Desktop\UnityProject\New Unity Project\Library\PackageCache\com.unity.visualscripting@1.6.1\Editor\VisualScripting.Core\Dependencies\DotNetZip\Unity.VisualScripting.IonicZip.dll
Native extension for WindowsStandalone target not found
Refreshing native plugins compatible for Editor in 0.46 ms, found 3 plugins.
Preloading 0 native plugins for Editor in 0.00 ms.
Mono: successfully reloaded assembly
- Completed reload, in  0.766 seconds
Domain Reload Profiling:
	ReloadAssembly (767ms)
		BeginReloadAssembly (102ms)
			ExecutionOrderSort (0ms)
			DisableScriptedObjects (4ms)
			BackupInstance (0ms)
			ReleaseScriptingObjects (0ms)
			CreateAndSetChildDomain (38ms)
		EndReloadAssembly (622ms)
			LoadAssemblies (61ms)
			RebuildTransferFunctionScriptingTraits (0ms)
			SetupTypeCache (241ms)
			ReleaseScriptCaches (1ms)
			RebuildScriptCaches (27ms)
			SetupLoadedEditorAssemblies (214ms)
				LogAssemblyErrors (0ms)
				InitializePlatformSupportModulesInManaged (4ms)
				SetLoadedEditorAssemblies (0ms)
				RefreshPlugins (1ms)
				BeforeProcessingInitializeOnLoad (39ms)
				ProcessInitializeOnLoadAttributes (163ms)
				ProcessInitializeOnLoadMethodAttributes (3ms)
				AfterProcessingInitializeOnLoad (4ms)
				EditorAssembliesLoaded (0ms)
			ExecutionOrderSort2 (0ms)
			AwakeInstancesAfterBackupRestoration (5ms)
Platform modules already initialized, skipping
Refreshing native plugins compatible for Editor in 0.48 ms, found 3 plugins.
Preloading 0 native plugins for Editor in 0.00 ms.
Unloading 2937 Unused Serialized files (Serialized files now loaded: 0)
System memory in use before: 127.7 MB.
System memory in use after: 127.9 MB.

Unloading 18 unused Assets to reduce memory usage. Loaded Objects now: 3407.
Total: 1.728400 ms (FindLiveObjects: 0.165100 ms CreateObjectMapping: 0.069500 ms MarkObjects: 1.442900 ms  DeleteObjects: 0.049600 ms)

AssetImportParameters requested are different than current active one (requested -> active):
  custom:framework-win-MediaFoundation: 216162199b28c13a410421893ffa2e32 -> 
  custom:video-decoder-ogg-theora: a1e56fd34408186e4bbccfd4996cb3dc -> 
  custom:container-muxer-webm: aa71ff27fc2769a1b78a27578f13a17b -> 
  custom:container-demuxer-webm: 4f35f7cbe854078d1ac9338744f61a02 -> 
  custom:container-demuxer-ogg: 62fdf1f143b41e24485cea50d1cbac27 -> 
  custom:video-encoder-webm-vp8: eb34c28f22e8b96e1ab97ce403110664 -> 
  custom:video-decoder-webm-vp8: 9c59270c3fd7afecdb556c50c9e8de78 -> 
  custom:audio-decoder-ogg-vorbis: bf7c407c2cedff20999df2af8eb42d56 -> 
  custom:audio-encoder-webm-vorbis: bf7c407c2cedff20999df2af8eb42d56 -> 
AssetImportWorkerClient::OnTransportError - code=2 error=End of file
